<?xml version="1.0" encoding="UTF-8"?>
<!-- Generated by org.testng.reporters.JUnitReportReporter -->
<testsuite hostname="DESKTOP-9FMQBDK" failures="0" tests="1" name="com.Banking.TestCases.TC001_LoginTest" time="10.618" errors="0" timestamp="2022-06-11T07:30:55 IST" skipped="0">
  <testcase classname="com.Banking.TestCases.TC001_LoginTest" name="loginTest" time="10.618"/>
  <system-out/>
</testsuite> <!-- com.Banking.TestCases.TC001_LoginTest -->
